{"meta": {"format": 2, "version": "7.5.3", "timestamp": "2024-07-13T15:22:50.167083", "branch_coverage": true, "show_contexts": false}, "files": {"coverage_module.py": {"executed_lines": [2, 3, 5, 19, 20, 23, 28, 33, 38, 43], "summary": {"covered_lines": 10, "num_statements": 32, "percent_covered": 26.19047619047619, "percent_covered_display": "26", "missing_lines": 22, "excluded_lines": 0, "num_branches": 10, "num_partial_branches": 1, "covered_branches": 1, "missing_branches": 9}, "missing_lines": [7, 8, 10, 11, 13, 14, 16, 17, 21, 24, 25, 26, 29, 30, 31, 34, 35, 36, 39, 40, 41, 44], "excluded_lines": [], "executed_branches": [[43, -1]], "missing_branches": [[7, 8], [7, 10], [10, -10], [10, 11], [11, -11], [11, 13], [13, 14], [13, 16], [43, 44]]}}, "totals": {"covered_lines": 10, "num_statements": 32, "percent_covered": 26.19047619047619, "percent_covered_display": "26", "missing_lines": 22, "excluded_lines": 0, "num_branches": 10, "num_partial_branches": 1, "covered_branches": 1, "missing_branches": 9}}